<?xml version="1.0" encoding="UTF-8"?>
<coverage generated="1713566119259" clover="3.2.0">
  <project timestamp="1713566119259" name="All files">
    <metrics statements="6" coveredstatements="6" conditionals="4" coveredconditionals="3" methods="2" coveredmethods="2" elements="12" coveredelements="11" complexity="0" loc="6" ncloc="6" packages="1" files="1" classes="1"/>
    <file name="TodoComponent.tsx" path="C:\Users\Lenovo\Desktop\GitHub-Proyectos-info\GitHub-Proyectos\REACT-JS\react-vite-test-app-exercises\src\components\TodoComponent.tsx">
      <metrics statements="6" coveredstatements="6" conditionals="4" coveredconditionals="3" methods="2" coveredmethods="2"/>
      <line num="1" count="1" type="stmt"/>
      <line num="11" count="1" type="stmt"/>
      <line num="12" count="8" type="cond" truecount="1" falsecount="1"/>
      <line num="14" count="8" type="stmt"/>
      <line num="15" count="3" type="stmt"/>
      <line num="21" count="8" type="stmt"/>
    </file>
  </project>
</coverage>
