<?xml version="1.0" encoding="UTF-8"?>
<coverage generated="1713562069284" clover="3.2.0">
  <project timestamp="1713562069284" name="All files">
    <metrics statements="28" coveredstatements="28" conditionals="4" coveredconditionals="3" methods="15" coveredmethods="15" elements="47" coveredelements="46" complexity="0" loc="28" ncloc="28" packages="2" files="2" classes="2"/>
    <package name="components">
      <metrics statements="6" coveredstatements="6" conditionals="4" coveredconditionals="3" methods="2" coveredmethods="2"/>
      <file name="TodoComponent.tsx" path="C:\Users\Lenovo\Desktop\GitHub-Proyectos-info\GitHub-Proyectos\REACT-JS\react-vite-test-app-exercises\src\components\TodoComponent.tsx">
        <metrics statements="6" coveredstatements="6" conditionals="4" coveredconditionals="3" methods="2" coveredmethods="2"/>
        <line num="1" count="1" type="stmt"/>
        <line num="11" count="1" type="stmt"/>
        <line num="12" count="8" type="cond" truecount="1" falsecount="1"/>
        <line num="14" count="8" type="stmt"/>
        <line num="15" count="3" type="stmt"/>
        <line num="21" count="8" type="stmt"/>
      </file>
    </package>
    <package name="examplesExercises">
      <metrics statements="22" coveredstatements="22" conditionals="0" coveredconditionals="0" methods="13" coveredmethods="13"/>
      <file name="examplesExercises.ts" path="C:\Users\Lenovo\Desktop\GitHub-Proyectos-info\GitHub-Proyectos\REACT-JS\react-vite-test-app-exercises\src\examplesExercises\examplesExercises.ts">
        <metrics statements="22" coveredstatements="22" conditionals="0" coveredconditionals="0" methods="13" coveredmethods="13"/>
        <line num="1" count="1" type="stmt"/>
        <line num="2" count="2" type="stmt"/>
        <line num="5" count="1" type="stmt"/>
        <line num="7" count="1" type="stmt"/>
        <line num="8" count="5" type="stmt"/>
        <line num="14" count="1" type="stmt"/>
        <line num="16" count="1" type="stmt"/>
        <line num="17" count="1" type="stmt"/>
        <line num="19" count="1" type="stmt"/>
        <line num="20" count="1" type="stmt"/>
        <line num="22" count="1" type="stmt"/>
        <line num="23" count="2" type="stmt"/>
        <line num="26" count="1" type="stmt"/>
        <line num="27" count="1" type="stmt"/>
        <line num="28" count="1" type="stmt"/>
        <line num="29" count="1" type="stmt"/>
        <line num="31" count="1" type="stmt"/>
        <line num="32" count="2" type="stmt"/>
        <line num="33" count="2" type="stmt"/>
        <line num="34" count="2" type="stmt"/>
        <line num="37" count="2" type="stmt"/>
        <line num="38" count="1" type="stmt"/>
      </file>
    </package>
  </project>
</coverage>
