{"C:\\Users\\Lenovo\\Desktop\\GitHub-Proyectos-info\\GitHub-Proyectos\\REACT-JS\\react-vite-test-app-exercises\\src\\components\\TodoComponent.tsx": {"path":"C:\\Users\\Lenovo\\Desktop\\GitHub-Proyectos-info\\GitHub-Proyectos\\REACT-JS\\react-vite-test-app-exercises\\src\\components\\TodoComponent.tsx","statementMap":{"0":{"start":{"line":1,"column":0},"end":{"line":1,"column":33}},"1":{"start":{"line":11,"column":29},"end":{"line":47,"column":1}},"2":{"start":{"line":12,"column":34},"end":{"line":12,"column":54}},"3":{"start":{"line":14,"column":31},"end":{"line":19,"column":3}},"4":{"start":{"line":15,"column":4},"end":{"line":18,"column":7}},"5":{"start":{"line":21,"column":2},"end":{"line":46,"column":4}},"6":{"start":{"line":11,"column":13},"end":{"line":11,"column":29}}},"fnMap":{"0":{"name":"(anonymous_0)","decl":{"start":{"line":11,"column":29},"end":{"line":11,"column":30}},"loc":{"start":{"line":11,"column":62},"end":{"line":47,"column":1}}},"1":{"name":"(anonymous_1)","decl":{"start":{"line":14,"column":31},"end":{"line":14,"column":34}},"loc":{"start":{"line":14,"column":36},"end":{"line":19,"column":3}}}},"branchMap":{"0":{"loc":{"start":{"line":12,"column":43},"end":{"line":12,"column":53}},"type":"binary-expr","locations":[{"start":{"line":12,"column":43},"end":{"line":12,"column":47}},{"start":{"line":12,"column":51},"end":{"line":12,"column":53}}]},"1":{"loc":{"start":{"line":39,"column":44},"end":{"line":39,"column":74}},"type":"cond-expr","locations":[{"start":{"line":39,"column":65},"end":{"line":39,"column":68}},{"start":{"line":39,"column":71},"end":{"line":39,"column":74}}]}},"s":{"0":1,"1":1,"2":8,"3":8,"4":3,"5":8,"6":1},"f":{"0":8,"1":3},"b":{"0":[8,0],"1":[2,6]}}
}
