{"C:\\Users\\Lenovo\\Desktop\\GitHub-Proyectos-info\\GitHub-Proyectos\\REACT-JS\\react-vite-test-app-exercises\\src\\components\\TodoComponent.tsx": {"path":"C:\\Users\\Lenovo\\Desktop\\GitHub-Proyectos-info\\GitHub-Proyectos\\REACT-JS\\react-vite-test-app-exercises\\src\\components\\TodoComponent.tsx","statementMap":{"0":{"start":{"line":1,"column":0},"end":{"line":1,"column":33}},"1":{"start":{"line":11,"column":29},"end":{"line":47,"column":1}},"2":{"start":{"line":12,"column":34},"end":{"line":12,"column":54}},"3":{"start":{"line":14,"column":31},"end":{"line":19,"column":3}},"4":{"start":{"line":15,"column":4},"end":{"line":18,"column":7}},"5":{"start":{"line":21,"column":2},"end":{"line":46,"column":4}},"6":{"start":{"line":11,"column":13},"end":{"line":11,"column":29}}},"fnMap":{"0":{"name":"(anonymous_0)","decl":{"start":{"line":11,"column":29},"end":{"line":11,"column":30}},"loc":{"start":{"line":11,"column":62},"end":{"line":47,"column":1}}},"1":{"name":"(anonymous_1)","decl":{"start":{"line":14,"column":31},"end":{"line":14,"column":34}},"loc":{"start":{"line":14,"column":36},"end":{"line":19,"column":3}}}},"branchMap":{"0":{"loc":{"start":{"line":12,"column":43},"end":{"line":12,"column":53}},"type":"binary-expr","locations":[{"start":{"line":12,"column":43},"end":{"line":12,"column":47}},{"start":{"line":12,"column":51},"end":{"line":12,"column":53}}]},"1":{"loc":{"start":{"line":39,"column":44},"end":{"line":39,"column":74}},"type":"cond-expr","locations":[{"start":{"line":39,"column":65},"end":{"line":39,"column":68}},{"start":{"line":39,"column":71},"end":{"line":39,"column":74}}]}},"s":{"0":1,"1":1,"2":8,"3":8,"4":3,"5":8,"6":1},"f":{"0":8,"1":3},"b":{"0":[8,0],"1":[2,6]}}
,"C:\\Users\\Lenovo\\Desktop\\GitHub-Proyectos-info\\GitHub-Proyectos\\REACT-JS\\react-vite-test-app-exercises\\src\\examplesExercises\\examplesExercises.ts": {"path":"C:\\Users\\Lenovo\\Desktop\\GitHub-Proyectos-info\\GitHub-Proyectos\\REACT-JS\\react-vite-test-app-exercises\\src\\examplesExercises\\examplesExercises.ts","statementMap":{"0":{"start":{"line":1,"column":32},"end":{"line":3,"column":1}},"1":{"start":{"line":2,"column":2},"end":{"line":2,"column":15}},"2":{"start":{"line":1,"column":13},"end":{"line":1,"column":32}},"3":{"start":{"line":5,"column":36},"end":{"line":5,"column":63}},"4":{"start":{"line":5,"column":42},"end":{"line":5,"column":63}},"5":{"start":{"line":5,"column":13},"end":{"line":5,"column":36}},"6":{"start":{"line":7,"column":36},"end":{"line":12,"column":1}},"7":{"start":{"line":8,"column":2},"end":{"line":11,"column":4}},"8":{"start":{"line":7,"column":13},"end":{"line":7,"column":36}},"9":{"start":{"line":14,"column":42},"end":{"line":14,"column":73}},"10":{"start":{"line":14,"column":58},"end":{"line":14,"column":73}},"11":{"start":{"line":14,"column":13},"end":{"line":14,"column":42}},"12":{"start":{"line":16,"column":42},"end":{"line":18,"column":1}},"13":{"start":{"line":17,"column":2},"end":{"line":17,"column":40}},"14":{"start":{"line":16,"column":13},"end":{"line":16,"column":42}},"15":{"start":{"line":19,"column":38},"end":{"line":21,"column":1}},"16":{"start":{"line":20,"column":2},"end":{"line":20,"column":53}},"17":{"start":{"line":19,"column":13},"end":{"line":19,"column":38}},"18":{"start":{"line":22,"column":41},"end":{"line":24,"column":1}},"19":{"start":{"line":23,"column":2},"end":{"line":23,"column":59}},"20":{"start":{"line":22,"column":13},"end":{"line":22,"column":41}},"21":{"start":{"line":26,"column":34},"end":{"line":26,"column":44}},"22":{"start":{"line":26,"column":40},"end":{"line":26,"column":44}},"23":{"start":{"line":26,"column":13},"end":{"line":26,"column":34}},"24":{"start":{"line":27,"column":35},"end":{"line":27,"column":46}},"25":{"start":{"line":27,"column":41},"end":{"line":27,"column":46}},"26":{"start":{"line":27,"column":13},"end":{"line":27,"column":35}},"27":{"start":{"line":28,"column":34},"end":{"line":28,"column":44}},"28":{"start":{"line":28,"column":40},"end":{"line":28,"column":44}},"29":{"start":{"line":28,"column":13},"end":{"line":28,"column":34}},"30":{"start":{"line":29,"column":39},"end":{"line":29,"column":54}},"31":{"start":{"line":29,"column":45},"end":{"line":29,"column":54}},"32":{"start":{"line":29,"column":13},"end":{"line":29,"column":39}},"33":{"start":{"line":32,"column":14},"end":{"line":32,"column":36}},"34":{"start":{"line":32,"column":36},"end":{"line":32,"column":null}},"35":{"start":{"line":37,"column":9},"end":{"line":39,"column":null}},"36":{"start":{"line":38,"column":4},"end":{"line":38,"column":36}},"37":{"start":{"line":33,"column":4},"end":{"line":33,"column":23}},"38":{"start":{"line":34,"column":4},"end":{"line":34,"column":25}},"39":{"start":{"line":31,"column":0},"end":{"line":31,"column":13}}},"fnMap":{"0":{"name":"(anonymous_0)","decl":{"start":{"line":1,"column":32},"end":{"line":1,"column":33}},"loc":{"start":{"line":1,"column":57},"end":{"line":3,"column":1}}},"1":{"name":"(anonymous_1)","decl":{"start":{"line":5,"column":36},"end":{"line":5,"column":39}},"loc":{"start":{"line":5,"column":42},"end":{"line":5,"column":63}}},"2":{"name":"(anonymous_2)","decl":{"start":{"line":7,"column":36},"end":{"line":7,"column":39}},"loc":{"start":{"line":7,"column":41},"end":{"line":12,"column":1}}},"3":{"name":"(anonymous_3)","decl":{"start":{"line":14,"column":42},"end":{"line":14,"column":55}},"loc":{"start":{"line":14,"column":58},"end":{"line":14,"column":73}}},"4":{"name":"(anonymous_4)","decl":{"start":{"line":16,"column":42},"end":{"line":16,"column":55}},"loc":{"start":{"line":16,"column":57},"end":{"line":18,"column":1}}},"5":{"name":"(anonymous_5)","decl":{"start":{"line":19,"column":38},"end":{"line":19,"column":72}},"loc":{"start":{"line":19,"column":74},"end":{"line":21,"column":1}}},"6":{"name":"(anonymous_6)","decl":{"start":{"line":22,"column":41},"end":{"line":22,"column":44}},"loc":{"start":{"line":22,"column":46},"end":{"line":24,"column":1}}},"7":{"name":"(anonymous_7)","decl":{"start":{"line":26,"column":34},"end":{"line":26,"column":37}},"loc":{"start":{"line":26,"column":40},"end":{"line":26,"column":44}}},"8":{"name":"(anonymous_8)","decl":{"start":{"line":27,"column":35},"end":{"line":27,"column":38}},"loc":{"start":{"line":27,"column":41},"end":{"line":27,"column":46}}},"9":{"name":"(anonymous_9)","decl":{"start":{"line":28,"column":34},"end":{"line":28,"column":37}},"loc":{"start":{"line":28,"column":40},"end":{"line":28,"column":44}}},"10":{"name":"(anonymous_10)","decl":{"start":{"line":29,"column":39},"end":{"line":29,"column":42}},"loc":{"start":{"line":29,"column":45},"end":{"line":29,"column":54}}},"11":{"name":"(anonymous_11)","decl":{"start":{"line":32,"column":2},"end":{"line":32,"column":14}},"loc":{"start":{"line":32,"column":57},"end":{"line":35,"column":3}}},"12":{"name":"(anonymous_12)","decl":{"start":{"line":37,"column":20},"end":{"line":37,"column":23}},"loc":{"start":{"line":37,"column":25},"end":{"line":39,"column":3}}}},"branchMap":{},"s":{"0":1,"1":2,"2":1,"3":1,"4":1,"5":1,"6":1,"7":5,"8":1,"9":1,"10":1,"11":1,"12":1,"13":1,"14":1,"15":1,"16":1,"17":1,"18":1,"19":2,"20":1,"21":1,"22":1,"23":1,"24":1,"25":1,"26":1,"27":1,"28":1,"29":1,"30":1,"31":1,"32":1,"33":2,"34":2,"35":2,"36":1,"37":2,"38":2,"39":1},"f":{"0":2,"1":1,"2":5,"3":1,"4":1,"5":1,"6":2,"7":1,"8":1,"9":1,"10":1,"11":2,"12":1},"b":{}}
}
